INFO: [VRFC 10-2263] Analyzing Verilog file "D:/PD_sti_prj/sti_prj_top/STI_dac_v1.2/STI_dac_v1.2.ip_user_files/bd/system/ip/system_processing_system7_0_0/sim/system_processing_system7_0_0.v" into library xil_defaultlib
INFO: [VRFC 10-311] analyzing module system_processing_system7_0_0
INFO: [VRFC 10-2263] Analyzing Verilog file "D:/PD_sti_prj/sti_prj_top/STI_dac_v1.2/STI_dac_v1.2.ip_user_files/bd/system/ip/system_sti_driver_0_0/src/ila_0/sim/ila_0.v" into library xil_defaultlib
INFO: [VRFC 10-311] analyzing module ila_0
INFO: [VRFC 10-2263] Analyzing Verilog file "D:/PD_sti_prj/sti_prj_top/STI_dac_v1.2/STI_dac_v1.2.ip_user_files/bd/system/ipshared/f035/hdl/sti_driver_v1_0_S02_AXI.v" into library xil_defaultlib
INFO: [VRFC 10-311] analyzing module sti_driver_v1_0_S02_AXI
INFO: [VRFC 10-2263] Analyzing Verilog file "D:/PD_sti_prj/sti_prj_top/STI_dac_v1.2/STI_dac_v1.2.ip_user_files/bd/system/ipshared/f035/hdl/sti_pl_dri.v" into library xil_defaultlib
INFO: [VRFC 10-311] analyzing module stimulation_ctrl
INFO: [VRFC 10-2263] Analyzing Verilog file "D:/PD_sti_prj/sti_prj_top/STI_dac_v1.2/STI_dac_v1.2.ip_user_files/bd/system/ipshared/f035/hdl/sti_driver_v1_0.v" into library xil_defaultlib
INFO: [VRFC 10-311] analyzing module sti_driver_v1_0
INFO: [VRFC 10-2263] Analyzing Verilog file "D:/PD_sti_prj/sti_prj_top/STI_dac_v1.2/STI_dac_v1.2.ip_user_files/bd/system/ip/system_sti_driver_0_0/sim/system_sti_driver_0_0.v" into library xil_defaultlib
INFO: [VRFC 10-311] analyzing module system_sti_driver_0_0
INFO: [VRFC 10-2263] Analyzing Verilog file "D:/PD_sti_prj/sti_prj_top/STI_dac_v1.2/STI_dac_v1.2.ip_user_files/bd/system/sim/system.v" into library xil_defaultlib
INFO: [VRFC 10-311] analyzing module s00_couplers_imp_11SE3QO
INFO: [VRFC 10-311] analyzing module system
INFO: [VRFC 10-311] analyzing module system_ps7_0_axi_periph_0
INFO: [VRFC 10-2263] Analyzing Verilog file "D:/PD_sti_prj/sti_prj_top/STI_dac_v1.2/STI_dac_v1.2.ip_user_files/bd/system/ip/system_auto_pc_0/sim/system_auto_pc_0.v" into library xil_defaultlib
INFO: [VRFC 10-311] analyzing module system_auto_pc_0
INFO: [VRFC 10-2263] Analyzing Verilog file "D:/PD_sti_prj/sti_prj_top/STI_dac_v1.2/STI_dac_v1.2.srcs/sources_1/bd/system/hdl/system_wrapper.v" into library xil_defaultlib
INFO: [VRFC 10-311] analyzing module system_wrapper
INFO: [VRFC 10-2263] Analyzing Verilog file "D:/PD_sti_prj/sti_prj_top/STI_dac_v1.2/STI_dac_v1.2.sim/sim_1/behav/xsim/glbl.v" into library xil_defaultlib
INFO: [VRFC 10-311] analyzing module glbl
INFO: [VRFC 10-163] Analyzing VHDL file "D:/PD_sti_prj/sti_prj_top/STI_dac_v1.2/STI_dac_v1.2.ip_user_files/bd/system/ip/system_rst_ps7_0_50M_0/sim/system_rst_ps7_0_50M_0.vhd" into library xil_defaultlib
INFO: [VRFC 10-3107] analyzing entity 'system_rst_ps7_0_50M_0'
