Copyright 1986-2018 Xilinx, Inc. All Rights Reserved.
------------------------------------------------------------------------------------
| Tool Version : Vivado v.2018.3 (win64) Build 2405991 Thu Dec  6 23:38:27 MST 2018
| Date         : Fri Dec 15 21:59:19 2023
| Host         : k3ning running 64-bit major release  (build 9200)
| Command      : upgrade_ip
| Device       : xc7z020clg400-2
------------------------------------------------------------------------------------

Upgrade Log for IP 'system_sti_driver_0_0'

1. Summary
----------

SUCCESS in the upgrade of system_sti_driver_0_0 (xilinx.com:user:sti_driver:1.0) from (Rev. 19) to (Rev. 20)






Copyright 1986-2018 Xilinx, Inc. All Rights Reserved.
------------------------------------------------------------------------------------
| Tool Version : Vivado v.2018.3 (win64) Build 2405991 Thu Dec  6 23:38:27 MST 2018
| Date         : Fri Dec 15 17:40:29 2023
| Host         : k3ning running 64-bit major release  (build 9200)
| Command      : upgrade_ip
| Device       : xc7z020clg400-2
------------------------------------------------------------------------------------

Upgrade Log for IP 'system_sti_driver_0_0'

1. Summary
----------

SUCCESS in the upgrade of system_sti_driver_0_0 (xilinx.com:user:sti_driver:1.0) from (Rev. 17) to (Rev. 19)






Copyright 1986-2018 Xilinx, Inc. All Rights Reserved.
------------------------------------------------------------------------------------
| Tool Version : Vivado v.2018.3 (win64) Build 2405991 Thu Dec  6 23:38:27 MST 2018
| Date         : Fri Dec 15 17:17:44 2023
| Host         : k3ning running 64-bit major release  (build 9200)
| Command      : upgrade_ip
| Device       : xc7z020clg400-2
------------------------------------------------------------------------------------

Upgrade Log for IP 'system_sti_driver_0_0'

1. Summary
----------

SUCCESS in the upgrade of system_sti_driver_0_0 (xilinx.com:user:sti_driver:1.0) from (Rev. 16) to (Rev. 17)






Copyright 1986-2018 Xilinx, Inc. All Rights Reserved.
------------------------------------------------------------------------------------
| Tool Version : Vivado v.2018.3 (win64) Build 2405991 Thu Dec  6 23:38:27 MST 2018
| Date         : Fri Dec 15 16:12:33 2023
| Host         : k3ning running 64-bit major release  (build 9200)
| Command      : upgrade_ip
| Device       : xc7z020clg400-2
------------------------------------------------------------------------------------

Upgrade Log for IP 'system_sti_driver_0_0'

1. Summary
----------

SUCCESS in the upgrade of system_sti_driver_0_0 (xilinx.com:user:sti_driver:1.0) from (Rev. 15) to (Rev. 16)






Copyright 1986-2018 Xilinx, Inc. All Rights Reserved.
------------------------------------------------------------------------------------
| Tool Version : Vivado v.2018.3 (win64) Build 2405991 Thu Dec  6 23:38:27 MST 2018
| Date         : Fri Dec 15 15:52:11 2023
| Host         : k3ning running 64-bit major release  (build 9200)
| Command      : upgrade_ip
| Device       : xc7z020clg400-2
------------------------------------------------------------------------------------

Upgrade Log for IP 'system_sti_driver_0_0'

1. Summary
----------

SUCCESS in the conversion of system_sti_driver_0_0 (xilinx.com:user:sti_driver:1.0 (Rev. 15)) to Vivado generation flows.






Copyright 1986-2018 Xilinx, Inc. All Rights Reserved.
------------------------------------------------------------------------------------
| Tool Version : Vivado v.2018.3 (win64) Build 2405991 Thu Dec  6 23:38:27 MST 2018
| Date         : Fri Dec 15 15:46:19 2023
| Host         : k3ning running 64-bit major release  (build 9200)
| Command      : upgrade_ip
| Device       : xc7z020clg400-2
------------------------------------------------------------------------------------

Upgrade Log for IP 'system_sti_driver_0_0'

1. Summary
----------

CAUTION (success, with warnings) in the upgrade of system_sti_driver_0_0 (xilinx.com:user:sti_driver:1.0) from (Rev. 14) to (Rev. 15)

After upgrade, an IP may have parameter and port differences compared to the original customization. Please review the parameters within the IP customization GUI to ensure proper functionality. Also, please review the updated IP instantiation template to ensure proper connectivity, and update your design if required.

2. Connection Warnings
----------------------

Detected external port differences while upgrading 'system_sti_driver_0_0'. These changes may impact your design.


-Upgrade has removed port 'current_dac0'

-Upgrade has removed port 'current_dac1'

-Upgrade has removed port 'current_dac2'

-Upgrade has removed port 'current_dac3'

-Upgrade has removed port 'current_dac4'

-Upgrade has removed port 'current_dac5'

-Upgrade has removed port 'current_dac6'

-Upgrade has removed port 'current_dac7'

-Upgrade has added port 'da_sdin'

-Upgrade has added port 'sync_n'

-Upgrade has added port 'vdd'


