Copyright 1986-2018 Xilinx, Inc. All Rights Reserved.
--------------------------------------------------------------------------------------------------------------------------------------------------------------------------------
| Tool Version : Vivado v.2018.3 (win64) Build 2405991 Thu Dec  6 23:38:27 MST 2018
| Date         : Mon Dec 18 16:54:47 2023
| Host         : k3ning running 64-bit major release  (build 9200)
| Command      : report_methodology -file system_wrapper_methodology_drc_routed.rpt -pb system_wrapper_methodology_drc_routed.pb -rpx system_wrapper_methodology_drc_routed.rpx
| Design       : system_wrapper
| Device       : xc7z020clg400-2
| Speed File   : -2
| Design State : Fully Routed
--------------------------------------------------------------------------------------------------------------------------------------------------------------------------------

Report Methodology

Table of Contents
-----------------
1. REPORT SUMMARY
2. REPORT DETAILS

1. REPORT SUMMARY
-----------------
            Netlist: netlist
          Floorplan: design_1
      Design limits: <entire design considered>
             Max violations: <unlimited>
             Violations found: 43
+-----------+----------+-------------------------------+------------+
| Rule      | Severity | Description                   | Violations |
+-----------+----------+-------------------------------+------------+
| TIMING-16 | Warning  | Large setup violation         | 19         |
| TIMING-18 | Warning  | Missing input or output delay | 24         |
+-----------+----------+-------------------------------+------------+

2. REPORT DETAILS
-----------------
TIMING-16#1 Warning
Large setup violation  
There is a large setup violation of -10.720 ns between system_i/sti_driver_0/inst/sti_driver_v1_0_S02_AXI_inst/slv_reg0_reg[24]/C (clocked by clk_fpga_0) and system_i/sti_driver_0/inst/sti_driver_v1_0_S02_AXI_inst/u_stimulation_ctrl/sti_fulltime_reg[13]/D (clocked by clk_fpga_0). Large setup violations at the end of those stages might be difficult to fix during the post-placement implementation flow and could be the result of non-optimal XDC constraints or non-optimal design architecture
Related violations: <none>

TIMING-16#2 Warning
Large setup violation  
There is a large setup violation of -12.313 ns between system_i/sti_driver_0/inst/sti_driver_v1_0_S02_AXI_inst/slv_reg0_reg[24]/C (clocked by clk_fpga_0) and system_i/sti_driver_0/inst/sti_driver_v1_0_S02_AXI_inst/u_stimulation_ctrl/sti_fulltime_reg[12]/D (clocked by clk_fpga_0). Large setup violations at the end of those stages might be difficult to fix during the post-placement implementation flow and could be the result of non-optimal XDC constraints or non-optimal design architecture
Related violations: <none>

TIMING-16#3 Warning
Large setup violation  
There is a large setup violation of -14.047 ns between system_i/sti_driver_0/inst/sti_driver_v1_0_S02_AXI_inst/slv_reg0_reg[24]/C (clocked by clk_fpga_0) and system_i/sti_driver_0/inst/sti_driver_v1_0_S02_AXI_inst/u_stimulation_ctrl/sti_fulltime_reg[11]/D (clocked by clk_fpga_0). Large setup violations at the end of those stages might be difficult to fix during the post-placement implementation flow and could be the result of non-optimal XDC constraints or non-optimal design architecture
Related violations: <none>

TIMING-16#4 Warning
Large setup violation  
There is a large setup violation of -15.807 ns between system_i/sti_driver_0/inst/sti_driver_v1_0_S02_AXI_inst/slv_reg0_reg[24]/C (clocked by clk_fpga_0) and system_i/sti_driver_0/inst/sti_driver_v1_0_S02_AXI_inst/u_stimulation_ctrl/sti_fulltime_reg[10]/D (clocked by clk_fpga_0). Large setup violations at the end of those stages might be difficult to fix during the post-placement implementation flow and could be the result of non-optimal XDC constraints or non-optimal design architecture
Related violations: <none>

TIMING-16#5 Warning
Large setup violation  
There is a large setup violation of -17.419 ns between system_i/sti_driver_0/inst/sti_driver_v1_0_S02_AXI_inst/slv_reg0_reg[24]/C (clocked by clk_fpga_0) and system_i/sti_driver_0/inst/sti_driver_v1_0_S02_AXI_inst/u_stimulation_ctrl/sti_fulltime_reg[9]/D (clocked by clk_fpga_0). Large setup violations at the end of those stages might be difficult to fix during the post-placement implementation flow and could be the result of non-optimal XDC constraints or non-optimal design architecture
Related violations: <none>

TIMING-16#6 Warning
Large setup violation  
There is a large setup violation of -19.172 ns between system_i/sti_driver_0/inst/sti_driver_v1_0_S02_AXI_inst/slv_reg0_reg[24]/C (clocked by clk_fpga_0) and system_i/sti_driver_0/inst/sti_driver_v1_0_S02_AXI_inst/u_stimulation_ctrl/sti_fulltime_reg[8]/D (clocked by clk_fpga_0). Large setup violations at the end of those stages might be difficult to fix during the post-placement implementation flow and could be the result of non-optimal XDC constraints or non-optimal design architecture
Related violations: <none>

TIMING-16#7 Warning
Large setup violation  
There is a large setup violation of -2.426 ns between system_i/sti_driver_0/inst/sti_driver_v1_0_S02_AXI_inst/slv_reg0_reg[24]/C (clocked by clk_fpga_0) and system_i/sti_driver_0/inst/sti_driver_v1_0_S02_AXI_inst/u_stimulation_ctrl/sti_fulltime_reg[18]/D (clocked by clk_fpga_0). Large setup violations at the end of those stages might be difficult to fix during the post-placement implementation flow and could be the result of non-optimal XDC constraints or non-optimal design architecture
Related violations: <none>

TIMING-16#8 Warning
Large setup violation  
There is a large setup violation of -20.799 ns between system_i/sti_driver_0/inst/sti_driver_v1_0_S02_AXI_inst/slv_reg0_reg[24]/C (clocked by clk_fpga_0) and system_i/sti_driver_0/inst/sti_driver_v1_0_S02_AXI_inst/u_stimulation_ctrl/sti_fulltime_reg[7]/D (clocked by clk_fpga_0). Large setup violations at the end of those stages might be difficult to fix during the post-placement implementation flow and could be the result of non-optimal XDC constraints or non-optimal design architecture
Related violations: <none>

TIMING-16#9 Warning
Large setup violation  
There is a large setup violation of -22.571 ns between system_i/sti_driver_0/inst/sti_driver_v1_0_S02_AXI_inst/slv_reg0_reg[24]/C (clocked by clk_fpga_0) and system_i/sti_driver_0/inst/sti_driver_v1_0_S02_AXI_inst/u_stimulation_ctrl/sti_fulltime_reg[6]/D (clocked by clk_fpga_0). Large setup violations at the end of those stages might be difficult to fix during the post-placement implementation flow and could be the result of non-optimal XDC constraints or non-optimal design architecture
Related violations: <none>

TIMING-16#10 Warning
Large setup violation  
There is a large setup violation of -24.173 ns between system_i/sti_driver_0/inst/sti_driver_v1_0_S02_AXI_inst/slv_reg0_reg[24]/C (clocked by clk_fpga_0) and system_i/sti_driver_0/inst/sti_driver_v1_0_S02_AXI_inst/u_stimulation_ctrl/sti_fulltime_reg[5]/D (clocked by clk_fpga_0). Large setup violations at the end of those stages might be difficult to fix during the post-placement implementation flow and could be the result of non-optimal XDC constraints or non-optimal design architecture
Related violations: <none>

TIMING-16#11 Warning
Large setup violation  
There is a large setup violation of -25.929 ns between system_i/sti_driver_0/inst/sti_driver_v1_0_S02_AXI_inst/slv_reg0_reg[24]/C (clocked by clk_fpga_0) and system_i/sti_driver_0/inst/sti_driver_v1_0_S02_AXI_inst/u_stimulation_ctrl/sti_fulltime_reg[4]/D (clocked by clk_fpga_0). Large setup violations at the end of those stages might be difficult to fix during the post-placement implementation flow and could be the result of non-optimal XDC constraints or non-optimal design architecture
Related violations: <none>

TIMING-16#12 Warning
Large setup violation  
There is a large setup violation of -27.655 ns between system_i/sti_driver_0/inst/sti_driver_v1_0_S02_AXI_inst/slv_reg0_reg[24]/C (clocked by clk_fpga_0) and system_i/sti_driver_0/inst/sti_driver_v1_0_S02_AXI_inst/u_stimulation_ctrl/sti_fulltime_reg[3]/D (clocked by clk_fpga_0). Large setup violations at the end of those stages might be difficult to fix during the post-placement implementation flow and could be the result of non-optimal XDC constraints or non-optimal design architecture
Related violations: <none>

TIMING-16#13 Warning
Large setup violation  
There is a large setup violation of -29.503 ns between system_i/sti_driver_0/inst/sti_driver_v1_0_S02_AXI_inst/slv_reg0_reg[24]/C (clocked by clk_fpga_0) and system_i/sti_driver_0/inst/sti_driver_v1_0_S02_AXI_inst/u_stimulation_ctrl/sti_fulltime_reg[2]/D (clocked by clk_fpga_0). Large setup violations at the end of those stages might be difficult to fix during the post-placement implementation flow and could be the result of non-optimal XDC constraints or non-optimal design architecture
Related violations: <none>

TIMING-16#14 Warning
Large setup violation  
There is a large setup violation of -3.999 ns between system_i/sti_driver_0/inst/sti_driver_v1_0_S02_AXI_inst/slv_reg0_reg[24]/C (clocked by clk_fpga_0) and system_i/sti_driver_0/inst/sti_driver_v1_0_S02_AXI_inst/u_stimulation_ctrl/sti_fulltime_reg[17]/D (clocked by clk_fpga_0). Large setup violations at the end of those stages might be difficult to fix during the post-placement implementation flow and could be the result of non-optimal XDC constraints or non-optimal design architecture
Related violations: <none>

TIMING-16#15 Warning
Large setup violation  
There is a large setup violation of -31.445 ns between system_i/sti_driver_0/inst/sti_driver_v1_0_S02_AXI_inst/slv_reg0_reg[24]/C (clocked by clk_fpga_0) and system_i/sti_driver_0/inst/sti_driver_v1_0_S02_AXI_inst/u_stimulation_ctrl/sti_fulltime_reg[1]/D (clocked by clk_fpga_0). Large setup violations at the end of those stages might be difficult to fix during the post-placement implementation flow and could be the result of non-optimal XDC constraints or non-optimal design architecture
Related violations: <none>

TIMING-16#16 Warning
Large setup violation  
There is a large setup violation of -33.215 ns between system_i/sti_driver_0/inst/sti_driver_v1_0_S02_AXI_inst/slv_reg0_reg[24]/C (clocked by clk_fpga_0) and system_i/sti_driver_0/inst/sti_driver_v1_0_S02_AXI_inst/u_stimulation_ctrl/sti_fulltime_reg[0]/D (clocked by clk_fpga_0). Large setup violations at the end of those stages might be difficult to fix during the post-placement implementation flow and could be the result of non-optimal XDC constraints or non-optimal design architecture
Related violations: <none>

TIMING-16#17 Warning
Large setup violation  
There is a large setup violation of -5.673 ns between system_i/sti_driver_0/inst/sti_driver_v1_0_S02_AXI_inst/slv_reg0_reg[24]/C (clocked by clk_fpga_0) and system_i/sti_driver_0/inst/sti_driver_v1_0_S02_AXI_inst/u_stimulation_ctrl/sti_fulltime_reg[16]/D (clocked by clk_fpga_0). Large setup violations at the end of those stages might be difficult to fix during the post-placement implementation flow and could be the result of non-optimal XDC constraints or non-optimal design architecture
Related violations: <none>

TIMING-16#18 Warning
Large setup violation  
There is a large setup violation of -7.358 ns between system_i/sti_driver_0/inst/sti_driver_v1_0_S02_AXI_inst/slv_reg0_reg[24]/C (clocked by clk_fpga_0) and system_i/sti_driver_0/inst/sti_driver_v1_0_S02_AXI_inst/u_stimulation_ctrl/sti_fulltime_reg[15]/D (clocked by clk_fpga_0). Large setup violations at the end of those stages might be difficult to fix during the post-placement implementation flow and could be the result of non-optimal XDC constraints or non-optimal design architecture
Related violations: <none>

TIMING-16#19 Warning
Large setup violation  
There is a large setup violation of -9.126 ns between system_i/sti_driver_0/inst/sti_driver_v1_0_S02_AXI_inst/slv_reg0_reg[24]/C (clocked by clk_fpga_0) and system_i/sti_driver_0/inst/sti_driver_v1_0_S02_AXI_inst/u_stimulation_ctrl/sti_fulltime_reg[14]/D (clocked by clk_fpga_0). Large setup violations at the end of those stages might be difficult to fix during the post-placement implementation flow and could be the result of non-optimal XDC constraints or non-optimal design architecture
Related violations: <none>

TIMING-18#1 Warning
Missing input or output delay  
An output delay is missing on CCLK relative to clock(s) clk_fpga_0
Related violations: <none>

TIMING-18#2 Warning
Missing input or output delay  
An output delay is missing on CLR1 relative to clock(s) clk_fpga_0
Related violations: <none>

TIMING-18#3 Warning
Missing input or output delay  
An output delay is missing on CLR2 relative to clock(s) clk_fpga_0
Related violations: <none>

TIMING-18#4 Warning
Missing input or output delay  
An output delay is missing on CLR3 relative to clock(s) clk_fpga_0
Related violations: <none>

TIMING-18#5 Warning
Missing input or output delay  
An output delay is missing on CLR4 relative to clock(s) clk_fpga_0
Related violations: <none>

TIMING-18#6 Warning
Missing input or output delay  
An output delay is missing on DIN1 relative to clock(s) clk_fpga_0
Related violations: <none>

TIMING-18#7 Warning
Missing input or output delay  
An output delay is missing on DIN2 relative to clock(s) clk_fpga_0
Related violations: <none>

TIMING-18#8 Warning
Missing input or output delay  
An output delay is missing on DIN3 relative to clock(s) clk_fpga_0
Related violations: <none>

TIMING-18#9 Warning
Missing input or output delay  
An output delay is missing on DIN4 relative to clock(s) clk_fpga_0
Related violations: <none>

TIMING-18#10 Warning
Missing input or output delay  
An output delay is missing on LE_n relative to clock(s) clk_fpga_0
Related violations: <none>

TIMING-18#11 Warning
Missing input or output delay  
An output delay is missing on SCLK relative to clock(s) clk_fpga_0
Related violations: <none>

TIMING-18#12 Warning
Missing input or output delay  
An output delay is missing on acs[0] relative to clock(s) clk_fpga_0
Related violations: <none>

TIMING-18#13 Warning
Missing input or output delay  
An output delay is missing on acs[1] relative to clock(s) clk_fpga_0
Related violations: <none>

TIMING-18#14 Warning
Missing input or output delay  
An output delay is missing on acs[2] relative to clock(s) clk_fpga_0
Related violations: <none>

TIMING-18#15 Warning
Missing input or output delay  
An output delay is missing on cut_wave relative to clock(s) clk_fpga_0
Related violations: <none>

TIMING-18#16 Warning
Missing input or output delay  
An output delay is missing on da_sdin relative to clock(s) clk_fpga_0
Related violations: <none>

TIMING-18#17 Warning
Missing input or output delay  
An output delay is missing on loadL_n relative to clock(s) clk_fpga_0
Related violations: <none>

TIMING-18#18 Warning
Missing input or output delay  
An output delay is missing on loadR_n relative to clock(s) clk_fpga_0
Related violations: <none>

TIMING-18#19 Warning
Missing input or output delay  
An output delay is missing on sti_L relative to clock(s) clk_fpga_0
Related violations: <none>

TIMING-18#20 Warning
Missing input or output delay  
An output delay is missing on sti_R relative to clock(s) clk_fpga_0
Related violations: <none>

TIMING-18#21 Warning
Missing input or output delay  
An output delay is missing on sti_on relative to clock(s) clk_fpga_0
Related violations: <none>

TIMING-18#22 Warning
Missing input or output delay  
An output delay is missing on sync_n relative to clock(s) clk_fpga_0
Related violations: <none>

TIMING-18#23 Warning
Missing input or output delay  
An output delay is missing on vcc_ctrl relative to clock(s) clk_fpga_0
Related violations: <none>

TIMING-18#24 Warning
Missing input or output delay  
An output delay is missing on vdd relative to clock(s) clk_fpga_0
Related violations: <none>


